Log file open, 09/12/17 13:08:20
LogInit:Display: Running engine for game: FPS_learning
LogPlatformFile: Not using cached read wrapper
LogInit:Display: RandInit(-1843869061) SRandInit(-1843869061).
LogTaskGraph: Started task graph with 5 named threads and 8 total threads with 1 sets of task threads.
LogStats: Stats thread started at 0.076224
LogInit: Using libcurl 7.47.1
LogInit:  - built for x86_64-pc-win32
LogInit:  - supports SSL with OpenSSL/1.0.2g
LogInit:  - supports HTTP deflate (compression) using libz 1.2.8
LogInit:  - other features:
LogInit:      CURL_VERSION_SSL
LogInit:      CURL_VERSION_LIBZ
LogInit:      CURL_VERSION_IPV6
LogInit:      CURL_VERSION_ASYNCHDNS
LogInit:      CURL_VERSION_LARGEFILE
LogInit:      CURL_VERSION_IDN
LogInit:  CurlRequestOptions (configurable via config and command line):
LogInit:  - bVerifyPeer = false  - Libcurl will NOT verify peer certificate
LogInit:  - bUseHttpProxy = false  - Libcurl will NOT use HTTP proxy
LogInit:  - bDontReuseConnections = false  - Libcurl will reuse connections
LogInit:  - CertBundlePath = nullptr  - Libcurl will use whatever was configured at build time.
LogInit: Build: ++UE4+Release-4.16-CL-3514769
LogInit: Engine Version: 4.16.2-3514769+++UE4+Release-4.16
LogInit: Compatible Engine Version: 4.16.0-3452394+++UE4+Release-4.16
LogInit: Net CL: 3452394
LogDevObjectVersion: Number of dev versions registered: 16
LogDevObjectVersion:   Dev-Blueprints (B0D832E4-1F89-4F0D-ACCF-7EB736FD4AA2): 9
LogDevObjectVersion:   Dev-Build (E1C64328-A22C-4D53-A36C-8E866417BD8C): 0
LogDevObjectVersion:   Dev-Core (375EC13C-06E4-48FB-B500-84F0262A717E): 2
LogDevObjectVersion:   Dev-Editor (E4B068ED-F494-42E9-A231-DA0B2E46BB41): 17
LogDevObjectVersion:   Dev-Framework (CFFC743F-43B0-4480-9391-14DF171D2073): 23
LogDevObjectVersion:   Dev-Mobile (B02B49B5-BB20-44E9-A304-32B752E40360): 0
LogDevObjectVersion:   Dev-Networking (A4E4105C-59A1-49B5-A7C5-40C4547EDFEE): 0
LogDevObjectVersion:   Dev-Online (39C831C9-5AE6-47DC-9A44-9C173E1C8E7C): 0
LogDevObjectVersion:   Dev-Physics (78F01B33-EBEA-4F98-B9B4-84EACCB95AA2): 0
LogDevObjectVersion:   Dev-Platform (6631380F-2D4D-43E0-8009-CF276956A95A): 0
LogDevObjectVersion:   Dev-Rendering (12F88B9F-8875-4AFC-A67C-D90C383ABD29): 15
LogDevObjectVersion:   Dev-Sequencer (7B5AE74C-D270-4C10-A958-57980B212A5A): 4
LogDevObjectVersion:   Dev-VR (D7296918-1DD6-4BDD-9DE2-64A83CC13884): 0
LogDevObjectVersion:   Dev-LoadTimes (C2A15278-BFE7-4AFE-6C17-90FF531DF755): 1
LogDevObjectVersion:   Private-Geometry (6EACA3D4-40EC-4CC1-B786-8BED09428FC5): 1
LogDevObjectVersion:   Dev-AnimPhys (29E575DD-E0A3-4627-9D10-D276232CDCEA): 3
LogInit: Compiled (64-bit): Jun 29 2017 02:03:24
LogInit: Compiled with Visual C++: 19.00.24215.01
LogInit: Build Configuration: Development
LogInit: Branch Name: ++UE4+Release-4.16
LogInit: Command line: -EpicPortal 
LogInit: Base directory: C:/Program Files/Epic Games/UE_4.16/Engine/Binaries/Win64/
LogInit: Installed Engine Build: 1
LogInit: Presizing for max 8388607 objects, including 0 objects not considered by GC, pre-allocating 0 bytes for permanent pool.
LogInit: Object subsystem initialized
[2017.09.12-11.08.20:949][  0]LogInit: Selected Device Profile: [Windows]
[2017.09.12-11.08.20:949][  0]LogInit: Applying CVar settings loaded from the selected device profile: [Windows]
[2017.09.12-11.08.20:956][  0]LogInit: Computer: DESKTOP-EPFDH5V
[2017.09.12-11.08.20:956][  0]LogInit: User: ZENBAUHAUS
[2017.09.12-11.08.20:956][  0]LogInit: CPU Page size=4096, Cores=4
[2017.09.12-11.08.20:956][  0]LogInit: High frequency timer resolution =4.101564 MHz
[2017.09.12-11.08.20:956][  0]LogMemory: Memory total: Physical=16.0GB (16GB approx)
[2017.09.12-11.08.20:956][  0]LogMemory: Platform Memory Stats for Windows
[2017.09.12-11.08.20:956][  0]LogMemory: Process Physical Memory: 273.05 MB used, 273.05 MB peak
[2017.09.12-11.08.20:956][  0]LogMemory: Process Virtual Memory: 260.79 MB used, 260.79 MB peak
[2017.09.12-11.08.20:956][  0]LogMemory: Physical Memory: 6632.00 MB used,  9709.99 MB free, 16342.00 MB total
[2017.09.12-11.08.20:956][  0]LogMemory: Virtual Memory: 676.33 MB used,  9709.99 MB free, 134217728.00 MB total
[2017.09.12-11.08.21:001][  0]LogInit: Using OS detected language (en-US).
[2017.09.12-11.08.21:001][  0]LogInit: Using OS detected locale (en-US).
[2017.09.12-11.08.21:002][  0]LogTextLocalizationManager: No specific localization for 'en-US' exists, so the 'en' localization will be used.
[2017.09.12-11.08.21:614][  0]LogD3D11RHI: D3D11 adapters:
[2017.09.12-11.08.22:036][  0]LogD3D11RHI:    0. 'NVIDIA GeForce GTX 1080' (Feature Level 11_0)
[2017.09.12-11.08.22:036][  0]LogD3D11RHI:       8071/0/8170 MB DedicatedVideo/DedicatedSystem/SharedSystem, Outputs:1, VendorId:0x10de
[2017.09.12-11.08.22:037][  0]LogD3D11RHI:    1. 'Microsoft Basic Render Driver' (Feature Level 11_0)
[2017.09.12-11.08.22:037][  0]LogD3D11RHI:       0/0/8170 MB DedicatedVideo/DedicatedSystem/SharedSystem, Outputs:0, VendorId:0x1414
[2017.09.12-11.08.22:037][  0]LogD3D11RHI: Chosen D3D11 Adapter: 0
[2017.09.12-11.08.22:041][  0]LogD3D11RHI: Creating new Direct3DDevice
[2017.09.12-11.08.22:041][  0]LogD3D11RHI:     GPU DeviceId: 0x1b80 (for the marketing name, search the web for "GPU Device Id")
[2017.09.12-11.08.22:041][  0]LogWindows: EnumDisplayDevices:
[2017.09.12-11.08.22:041][  0]LogWindows:    0. 'NVIDIA GeForce GTX 1080' (P:1 D:1)
[2017.09.12-11.08.22:041][  0]LogWindows:    1. 'NVIDIA GeForce GTX 1080' (P:0 D:0)
[2017.09.12-11.08.22:041][  0]LogWindows:    2. 'NVIDIA GeForce GTX 1080' (P:0 D:0)
[2017.09.12-11.08.22:041][  0]LogWindows:    3. 'NVIDIA GeForce GTX 1080' (P:0 D:0)
[2017.09.12-11.08.22:041][  0]LogWindows: DebugString: GetVideoDriverDetailsInvalid PrimaryIsNotTheChoosenAdapter GetVideoDriverDetailsInvalid PrimaryIsNotTheChoosenAdapter GetVideoDriverDetailsInvalid PrimaryIsNotTheChoosenAdapter GetVideoDriverDetailsInvalid PrimaryIsNotTheChoosenAdapter FoundDriverCount:0 
[2017.09.12-11.08.22:041][  0]LogD3D11RHI:     Adapter Name: NVIDIA GeForce GTX 1080
[2017.09.12-11.08.22:041][  0]LogD3D11RHI:   Driver Version: Unknown (internal:Unknown, unified:Unknown)
[2017.09.12-11.08.22:041][  0]LogD3D11RHI:      Driver Date: Unknown
[2017.09.12-11.08.22:041][  0]LogRHI: Texture pool is 1361 MB (70% of 1945 MB)
[2017.09.12-11.08.22:465][  0]LogD3D11RHI: Async texture creation enabled
[2017.09.12-11.08.22:486][  0]LogD3D11RHI: GPU Timing Frequency: 1000.000000 (Debug: 2 1)
[2017.09.12-11.08.22:534][  0]LogShaderCompilers: Guid format shader working directory is 35 characters bigger than the processId version (D:/FPS_learning/Intermediate/Shaders/WorkingDirectory/11824/).
[2017.09.12-11.08.22:535][  0]LogShaderCompilers: Cleaned the shader compiler working directory 'C:/Users/ZENBAUHAUS/AppData/Local/Temp/UnrealShaderWorkingDir/695AD0CD4A5B56A4F0366C98A561BB35/'.
[2017.09.12-11.08.22:535][  0]LogShaderCompilers:Display: Using Local Shader Compiler.
[2017.09.12-11.08.23:285][  0]LogTemp:Display: Loaded TP AllDesktopTargetPlatform
[2017.09.12-11.08.23:329][  0]LogTemp:Display: Loaded TP MacClientTargetPlatform
[2017.09.12-11.08.23:373][  0]LogTemp:Display: Loaded TP MacNoEditorTargetPlatform
[2017.09.12-11.08.23:414][  0]LogTemp:Display: Loaded TP MacServerTargetPlatform
[2017.09.12-11.08.23:455][  0]LogTemp:Display: Loaded TP MacTargetPlatform
[2017.09.12-11.08.23:491][  0]LogTemp:Display: Loaded TP WindowsClientTargetPlatform
[2017.09.12-11.08.23:526][  0]LogTemp:Display: Loaded TP WindowsNoEditorTargetPlatform
[2017.09.12-11.08.23:561][  0]LogTemp:Display: Loaded TP WindowsServerTargetPlatform
[2017.09.12-11.08.23:593][  0]LogTemp:Display: Loaded TP WindowsTargetPlatform
[2017.09.12-11.08.23:626][  0]LogTemp:Display: Loaded TP AndroidTargetPlatform
[2017.09.12-11.08.23:662][  0]LogTemp:Display: Loaded TP Android_ASTCTargetPlatform
[2017.09.12-11.08.23:696][  0]LogTemp:Display: Loaded TP Android_ATCTargetPlatform
[2017.09.12-11.08.23:730][  0]LogTemp:Display: Loaded TP Android_DXTTargetPlatform
[2017.09.12-11.08.23:763][  0]LogTemp:Display: Loaded TP Android_ETC1TargetPlatform
[2017.09.12-11.08.23:797][  0]LogTemp:Display: Loaded TP Android_ETC2TargetPlatform
[2017.09.12-11.08.23:866][  0]LogTemp:Display: Loaded TP Android_MultiTargetPlatform
[2017.09.12-11.08.23:866][  0]LogTemp:Display: Loaded TP Android_PVRTCTargetPlatform
[2017.09.12-11.08.23:894][  0]LogTemp:Display: Loaded TP HTML5TargetPlatform
[2017.09.12-11.08.23:966][  0]LogTemp:Display: Loaded TP IOSTargetPlatform
[2017.09.12-11.08.23:990][  0]LogTemp:Display: Loaded TP TVOSTargetPlatform
[2017.09.12-11.08.24:029][  0]LogTemp:Display: Loaded TP LinuxClientTargetPlatform
[2017.09.12-11.08.24:073][  0]LogTemp:Display: Loaded TP LinuxNoEditorTargetPlatform
[2017.09.12-11.08.24:120][  0]LogTemp:Display: Loaded TP LinuxServerTargetPlatform
[2017.09.12-11.08.24:178][  0]LogTemp:Display: Loaded TP LinuxTargetPlatform
[2017.09.12-11.08.24:178][  0]LogTargetPlatformManager:Display: Building Assets For Windows
[2017.09.12-11.08.24:612][  0]LogDerivedDataCache:Display: Max Cache Size: 512 MB
[2017.09.12-11.08.24:667][  0]LogDerivedDataCache: Loaded boot cache 0.05s 90MB C:/Users/ZENBAUHAUS/AppData/Local/UnrealEngine/4.16/DerivedDataCache/Boot.ddc.
[2017.09.12-11.08.24:667][  0]LogDerivedDataCache:Display: Loaded Boot cache: C:/Users/ZENBAUHAUS/AppData/Local/UnrealEngine/4.16/DerivedDataCache/Boot.ddc
[2017.09.12-11.08.24:667][  0]LogDerivedDataCache: FDerivedDataBackendGraph:  Pak pak cache file D:/FPS_learning/DerivedDataCache/DDC.ddp not found, will not use a pak cache.
[2017.09.12-11.08.24:667][  0]LogDerivedDataCache: Unable to find inner node Pak for hierarchical cache Hierarchy.
[2017.09.12-11.08.24:667][  0]LogDerivedDataCache: FDerivedDataBackendGraph:  CompressedPak pak cache file D:/FPS_learning/DerivedDataCache/Compressed.ddp not found, will not use a pak cache.
[2017.09.12-11.08.24:667][  0]LogDerivedDataCache: Unable to find inner node CompressedPak for hierarchical cache Hierarchy.
[2017.09.12-11.08.24:680][  0]LogDerivedDataCache:Display: Pak cache opened for reading ../../../Engine/DerivedDataCache/Compressed.ddp.
[2017.09.12-11.08.24:691][  0]LogDerivedDataCache: Using Local data cache path C:/Users/ZENBAUHAUS/AppData/Local/UnrealEngine/Common/DerivedDataCache: Writable
[2017.09.12-11.08.24:699][  0]LogMaterial: Verifying Global Shaders for PCD3D_SM5
[2017.09.12-11.08.24:699][  0]LogSlate: Using Freetype 2.6.0
[2017.09.12-11.08.24:700][  0]LogSlate: SlateFontCache - WITH_FREETYPE: 1, WITH_HARFBUZZ: 1
[2017.09.12-11.08.24:700][  0]LogSlate: SlateFontCache - WITH_FREETYPE: 1, WITH_HARFBUZZ: 1
[2017.09.12-11.08.24:929][  0]LogInit: Selected Device Profile: [Windows]
[2017.09.12-11.08.24:970][  0]LogContentStreaming: Texture pool size is 0.00 MB
[2017.09.12-11.08.25:088][  0]LogMeshUtilities: Using QuadricMeshReduction for automatic static mesh reduction
[2017.09.12-11.08.25:121][  0]LogSimplygon: Simplygon DLL not present - disabling.
[2017.09.12-11.08.25:160][  0]LogMeshUtilities: Using SimplygonSwarm for distributed automatic mesh merging
[2017.09.12-11.08.25:160][  0]LogMeshUtilities: No automatic skeletal mesh reduction module available
[2017.09.12-11.08.25:160][  0]LogMeshUtilities: No automatic mesh merging module available
[2017.09.12-11.08.25:553][  0]LogNetVersion: FPS_learning , NetCL: 3452394, EngineNetVer: 2, GameNetVer: 0 (Checksum: 2861807250)
[2017.09.12-11.08.25:603][  0]LogAssetRegistry: FAssetRegistry took 0.0242 seconds to start up
[2017.09.12-11.08.25:646][  0]LogPackageLocalizationCache: Processed 4 localized package path(s) for 2 prioritized culture(s) in 0.022469 seconds
[2017.09.12-11.08.25:651][  0]LogUObjectArray: 34194 objects as part of root set at end of initial load.
[2017.09.12-11.08.25:651][  0]LogUObjectAllocator: 7260416 out of 0 bytes used by permanent object pool.
[2017.09.12-11.08.25:651][  0]LogUObjectArray: CloseDisregardForGC: 0/0 objects in disregard for GC pool
[2017.09.12-11.08.25:704][  0]LogInit: WinSock: version 1.1 (2.2), MaxSocks=32767, MaxUdp=65467
[2017.09.12-11.08.27:494][  0]LogTcpMessaging: Initializing TcpMessaging bridge
[2017.09.12-11.08.27:527][  0]LogUdpMessaging: Initializing bridge on interface 0.0.0.0:0 to multicast group 230.0.0.1:6666.
[2017.09.12-11.08.27:921][  0]LogMaterial: Uniform references updated for custom material expression Custom.
[2017.09.12-11.08.28:217][  0]SourceControl: Info Source control is disabled
[2017.09.12-11.08.28:218][  0]SourceControl: Info Source control is disabled
[2017.09.12-11.08.28:254][  0]SourceControl: Info Source control is disabled
[2017.09.12-11.08.28:289][  0]SourceControl: Info Source control is disabled
[2017.09.12-11.08.28:903][  0]LogAndroidPermission: UAndroidPermissionCallbackProxy::GetInstance
[2017.09.12-11.08.29:356][  0]LogEngine: Initializing Engine...
[2017.09.12-11.08.29:906][  0]LogHMD: SteamVR initialized.  Driver: lighthouse  Display: LHR-5335C780
[2017.09.12-11.08.30:029][  0]LogStats: UGameplayTagsManager::ConstructGameplayTagTree: Construct from data asset -  0.000 s
[2017.09.12-11.08.30:029][  0]LogStats: UGameplayTagsManager::ConstructGameplayTagTree: GameplayTagTreeChangedEvent.Broadcast -  0.000 s
[2017.09.12-11.08.30:121][  0]LogAIModule: Creating AISystem for world Untitled
[2017.09.12-11.08.30:127][  0]LogInit: XAudio2 using 'SAMSUNG-0 (NVIDIA High Definition Audio)' : 2 channels at 48 kHz using 16 bits per sample (channel mask 0x3)
[2017.09.12-11.08.30:134][  0]LogInit: FAudioDevice initialized.
[2017.09.12-11.08.30:164][  0]LogDerivedDataCache: Saved boot cache 0.03s 90MB C:/Users/ZENBAUHAUS/AppData/Local/UnrealEngine/4.16/DerivedDataCache/Boot.ddc.
[2017.09.12-11.08.30:171][  0]LogInit: Texture streaming: Enabled
[2017.09.12-11.08.30:238][  0]LogEngineSessionManager: EngineSessionManager initialized
[2017.09.12-11.08.30:390][  0]LogInit: Transaction tracking system initialized
[2017.09.12-11.08.30:609][  0]BlueprintLog: New page: Editor Load
[2017.09.12-11.08.31:271][  0]LocalizationService: Info Localization service is disabled
[2017.09.12-11.08.31:751][  0]LogConsoleResponse:Display: 
[2017.09.12-11.08.31:854][  0]LogCook:Display: Max memory allowance for cook 16384mb min free memory 0mb
[2017.09.12-11.08.31:854][  0]LogCook:Display: Mobile HDR setting 1
[2017.09.12-11.08.32:075][  0]LogFileCache: Scanning file cache for directory 'D:/FPS_learning/Content/' took 0.01s
[2017.09.12-11.08.32:557][  0]SourceControl: Info Source control is disabled
[2017.09.12-11.08.32:558][  0]Cmd: MAP LOAD FILE="D:/FPS_learning/Content/FirstPersonBP/Maps/FirstPersonExampleMap.umap" TEMPLATE=0 SHOWPROGRESS=1 FEATURELEVEL=3
[2017.09.12-11.08.32:558][  0]LightingResults: New page: Lighting Build
[2017.09.12-11.08.32:586][  0]MapCheck: New page: Map Check
[2017.09.12-11.08.32:586][  0]LightingResults: New page: Lighting Build
[2017.09.12-11.08.32:893][  0]LogAIModule: Creating AISystem for world FirstPersonExampleMap
[2017.09.12-11.08.32:900][  0]LogEditorServer: Finished looking for orphan Actors (0.000 secs)
[2017.09.12-11.08.32:910][  0]Cmd: MAP CHECKDEP NOCLEARLOG
[2017.09.12-11.08.32:942][  0]MapCheck: Info Map check complete: 0 Error(s), 0 Warning(s), took 32.217ms to complete.
[2017.09.12-11.08.32:942][  0]LogFileHelpers: Loading map 'FirstPersonExampleMap' took 0.385
[2017.09.12-11.08.33:003][  0]LogWindowsTextInputMethodSystem:Display: IME system now deactivated.
[2017.09.12-11.08.33:053][  0]LogCollectionManager: Loaded 0 collections in 0.001335 seconds
[2017.09.12-11.08.33:115][  0]LogFileCache: Scanning file cache for directory 'D:/FPS_learning/Saved/Collections/' took 0.01s
[2017.09.12-11.08.33:115][  0]LogFileCache: Scanning file cache for directory 'D:/FPS_learning/Content/Developers/ZENBAUHAUS/Collections/' took 0.01s
[2017.09.12-11.08.33:115][  0]LogFileCache: Scanning file cache for directory 'D:/FPS_learning/Content/Collections/' took 0.01s
[2017.09.12-11.08.33:115][  0]LogCollectionManager: Rebuilt the GUID cache for 0 collections in 0.000001 seconds
[2017.09.12-11.08.33:122][  0]LogContentBrowser: Native class hierarchy populated in 0.0063 seconds. Added 2332 classes and 496 folders.
[2017.09.12-11.08.33:168][  0]LogContentBrowser: Native class hierarchy updated for 'WidgetCarousel' in 0.0004 seconds. Added 0 classes and 0 folders.
[2017.09.12-11.08.33:191][  0]LogContentBrowser: Native class hierarchy updated for 'AddContentDialog' in 0.0004 seconds. Added 0 classes and 0 folders.
[2017.09.12-11.08.33:222][  0]LogContentBrowser: Native class hierarchy updated for 'SceneOutliner' in 0.0004 seconds. Added 1 classes and 2 folders.
[2017.09.12-11.08.33:282][  0]LogCrashTracker: Crashtracker disabled due to settings.
[2017.09.12-11.08.33:287][  0]LogDirectoryWatcher:Warning: Failed to begin reading directory changes for D:/FPS_learning/Plugins/. Error: The system cannot find the file specified. (0x00000002)
[2017.09.12-11.08.33:291][  0]LogSlate: Took 0.000121 seconds to synchronously load lazily loaded font '../../../Engine/Content/Slate/Fonts/Roboto-Regular.ttf' (155K)
[2017.09.12-11.08.33:292][  0]LogSlate: Took 0.000109 seconds to synchronously load lazily loaded font '../../../Engine/Content/Slate/Fonts/Roboto-Bold.ttf' (160K)
[2017.09.12-11.08.33:295][  0]LogSlate: Took 0.000111 seconds to synchronously load lazily loaded font '../../../Engine/Content/Editor/Slate/Fonts/FontAwesome.ttf' (139K)
[2017.09.12-11.08.33:356][  0]LogRenderer: Reallocating scene render targets to support 1208x556 NumSamples 1 (Frame:1).
[2017.09.12-11.08.33:416][  0]LogUObjectGlobals:Warning: Failed to find object 'Class None.'
[2017.09.12-11.08.33:466][  0]LogContentBrowser: Native class hierarchy updated for 'HierarchicalLODOutliner' in 0.0004 seconds. Added 1 classes and 2 folders.
[2017.09.12-11.08.33:466][  0]LogLoad: (Engine Initialization) Total time: 13.68 seconds
[2017.09.12-11.08.33:466][  0]LogLoad: (Engine Initialization) Total Blueprint compile time: 0.11 seconds
[2017.09.12-11.08.33:466][  0]LogExternalProfiler: No external profilers were discovered.  External profiling features will not be available.
[2017.09.12-11.08.33:476][  0]LogOcInput: OculusInput pre-init called
[2017.09.12-11.08.33:476][  0]LogHMD: Starting GearVRController plugin
[2017.09.12-11.08.33:488][  0]LogAssetRegistry: Asset discovery search completed in 7.9058 seconds
[2017.09.12-11.08.33:489][  0]LogCollectionManager: Rebuilt the object cache for 0 collections in 0.000000 seconds (found 0 objects)
[2017.09.12-11.08.33:489][  0]LogCollectionManager: Fixed up redirectors for 0 collections in 0.000028 seconds (updated 0 objects)
[2017.09.12-11.08.33:491][  0]LogContentStreaming: Texture pool size now 3000 MB
[2017.09.12-11.08.33:523][  0]LogSlate: Took 0.000119 seconds to synchronously load lazily loaded font '../../../Engine/Content/Slate/Fonts/Roboto-Light.ttf' (159K)
[2017.09.12-11.08.36:086][306]LogDirectoryWatcher: A directory notification for '../../../Engine/Plugins/' was aborted.
